<?xml version="1.0" encoding="UTF-8"?>
<logger class="org.jpos.util.DailyLogListener">
<log realm="Q2.system" at="2024-02-10T20:54:13.967229900">
  <info>
    Q2 started, deployDir=/home/devjogja/git/nacadev/nacadev-jpos-ee/deploy, environment=default
  </info>
</log>
<log realm="Q2.system" at="2024-02-10T20:54:14.364517064" lifespan="385ms">
  <version>
    jPOS 2.1.8-SNAPSHOT master/47232f0 (2023-02-21 16:12:24 UTC) 

-----BEGIN PGP SIGNED MESSAGE-----
Hash: SHA1

jPOS Community Edition, licensed under GNU AGPL v3.0.
This software is probably not suitable for commercial use.
Please see http://jpos.org/license for details.

-----BEGIN PGP SIGNATURE-----
Version: GnuPG v1.4.9 (Darwin)

iQEcBAEBAgAGBQJMolHDAAoJEOQyeO71nYtFv74H/3OgehDGEy1VXp2U3/GcAobg
HH2eZjPUz53r38ARPiU3pzm9LwDa3WZgJJaa/b9VrJwKvbPwe9+0kY3gScDE1skT
ladHt+KHHmGQArEutkzHlpZa73RbroFEIa1qmN6MaDEHGoxZqDh0Sv2cpvOaVYGO
St8ZaddLBPC17bSjAPWo9sWbvL7FgPFOHhnPmbeux8SLtnfWxXWsgo5hLBanKmO1
1z+I/w/6DL6ZYZU6bAJUk+eyVVImJqw0x3IEElI07Nh9MC6BA4iJ77ejobj8HI2r
q9ulRPEqH9NR79619lNKVUkE206dVlXo7xHmJS1QZy5v/GT66xBxyDVfTduPFXk=
=oP+v
-----END PGP SIGNATURE-----

  </version>
</log>
<log realm="Q2.system" at="2024-02-10T20:54:14.378199548" lifespan="6ms">
  <info>
    deploy: /home/devjogja/git/nacadev/nacadev-jpos-ee/src/dist/deploy/05_serversimulator.xml
  </info>
</log>
<log realm="Q2.system" at="2024-02-10T20:54:14.396773797" lifespan="18ms">
  <info>
    deploy: /home/devjogja/git/nacadev/nacadev-jpos-ee/src/dist/deploy/99_sysmon.xml
  </info>
</log>
<log realm="org.jpos.q2.qbean.SystemMonitor" at="2024-02-10T20:54:14.410611564">
  <info>
    Starting SystemMonitor
  </info>
</log>
<log realm="simulator_10000.server" at="2024-02-10T20:54:14.423896543">
  <iso-server>
    listening on port 10000
  </iso-server>
</log>
<log realm="org.jpos.q2.qbean.SystemMonitor" at="2024-02-10T20:54:14.540122434">
  <info>
           OS: Linux (5.15.0-91-generic)
         Java: 17.0.7 (Eclipse Adoptium) AES-secure
  environment: default
 process name: 42100@devjogja-Inspiron-5515
    user name: devjogja
         host: devjogja-Inspiron-5515/127.0.1.1
          cwd: /home/devjogja/git/nacadev/nacadev-jpos-ee
   free space: 363.7 GiB
 usable space: 339.8 GiB
      version: 2.1.8-SNAPSHOT (47232f0)
     instance: b1d869a6-dc77-4d31-b117-bb1f8874f362
       uptime: 00:00:00.705 (1.280000)
   processors: 16
       drift : 0
memory(t/u/f): 240/16/223
     encoding: UTF-8
     timezone: Asia/Jakarta (West Indonesia Time) +07:00
watch service: sun.nio.fs.LinuxWatchService
  metrics dir: log
        clock: 1707573254 2024-02-10T13:54:14.436441494Z
 thread count: 13
 peak threads: 13
 user threads: 8
        Thread[Reference Handler,10,system]
        Thread[Finalizer,8,system]
        Thread[Signal Dispatcher,9,system]
        Thread[Notification Thread,9,system]
        Thread[pool-1-thread-1,5,main]
        Thread[Q2-b1d869a6-dc77-4d31-b117-bb1f8874f362,5,main]
        Thread[DestroyJavaVM,5,main]
        Thread[FileSystemWatchService,5,main]
        Thread[Timer-0,5,main]
        Thread[Thread-2,5,main]
        Thread[SystemMonitor,5,main]
        Thread[simulator_10000-ThreadPool.PooledThread-0,5,simulator_10000-ThreadPool-0]
        Thread[Common-Cleaner,8,InnocuousThreadGroup]
name-registrar:
  tspace:default: org.jpos.space.TSpace
     key-count: 0
        gcinfo: 0,0
  Q2: org.jpos.q2.Q2
  simulator_10000: org.jpos.q2.iso.QServer
  logger.Q2: org.jpos.util.Logger
  logger.Q2.buffered: org.jpos.util.BufferedLogListener
  server.simulator_10000: org.jpos.iso.ISOServer
    connected=0, rx=0, tx=0, last=0
  </info>
</log>
<log realm="simulator_10000.server.session/127.0.0.1:37882" at="2024-02-10T20:55:00.126543958">
  <session-start/>
</log>
<log realm="channel/127.0.0.1:37882" at="2024-02-10T20:58:30.528679253" lifespan="210401ms">
  <receive>
    <peer-disconnect/>
  </receive>
</log>
<log realm="simulator_10000.server.session/127.0.0.1:37882" at="2024-02-10T20:58:30.529574261">
  <session-end/>
</log>
<log realm="simulator_10000.server.session/127.0.0.1:43054" at="2024-02-10T21:00:10.455056970">
  <session-start/>
</log>
<log realm="channel/127.0.0.1:43054" at="2024-02-10T21:00:36.039925528" lifespan="25584ms">
  <receive>
    <iso-exception>
      org.xml.sax.SAXParseException; lineNumber: 1; columnNumber: 1; Content is not allowed in prolog.
      org.jpos.iso.ISOException: org.xml.sax.SAXParseException; lineNumber: 1; columnNumber: 1; Content is not allowed in prolog.
	at org.jpos.iso.packager.XMLPackager.unpack(XMLPackager.java:156)
	at org.jpos.iso.ISOMsg.unpack(ISOMsg.java:479)
	at org.jpos.iso.BaseChannel.unpack(BaseChannel.java:978)
	at org.jpos.iso.BaseChannel.receive(BaseChannel.java:748)
	at org.jpos.iso.ISOServer$Session.run(ISOServer.java:344)
	at org.jpos.util.ThreadPool$PooledThread.run(ThreadPool.java:76)
    </iso-exception>
    --- data ---
    0000  63 61 74 20 3E 20 2F 64  65 76 2F 74 63 70 2F 31  cat > /dev/tcp/1
0010  32 37 2E 30 2E 30 2E 31  2F 31 32 33 34 08 20 3C  27.0.0.1/1234. <
0020  69 73 6F 6D 73 67 3E 20  20 3C 66 69 65 6C 64 20  isomsg>  <field 
0030  69 64 3D 22 30 22 20 76  61 6C 75 65 3D 22 30 38  id="0" value="08
0040  30 30 22 20 2F 3E 20 20  3C 66 69 65 6C 64 20 69  00" />  <field i
0050  64 3D 22 33 22 20 76 61  6C 75 65 3D 22 30 30 30  d="3" value="000
0060  30 30 30 22 20 2F 3E 20  20 3C 66 69 65 6C 64 20  000" />  <field 
0070  69 64 3D 22 31 31 22 20  76 61 6C 75 65 3D 22 30  id="11" value="0
0080  30 30 30 30 31 22 20 2F  3E 20 20 3C 66 69 65 6C  00001" />  <fiel
0090  64 20 69 64 3D 22 34 31  22 20 76 61 6C 75 65 3D  d id="41" value=
00a0  22 30 30 30 30 30 30 30  31 22 20 2F 3E 20 20 3C  "00000001" />  <
00b0  66 69 65 6C 64 20 69 64  3D 22 37 30 22 20 76 61  field id="70" va
00c0  6C 75 65 3D 22 39 30 31  22 20 2F 3E 20 20 3C 2F  lue="901" />  </
00d0  69 73 6F 6D 73 67 3E                              isomsg>

  </receive>
</log>
<log realm="simulator_10000.server.session/127.0.0.1:43054" at="2024-02-10T21:00:36.040723347">
  <session-error>
    <iso-exception>
      org.xml.sax.SAXParseException; lineNumber: 1; columnNumber: 1; Content is not allowed in prolog.
      org.jpos.iso.ISOException: org.xml.sax.SAXParseException; lineNumber: 1; columnNumber: 1; Content is not allowed in prolog.
	at org.jpos.iso.packager.XMLPackager.unpack(XMLPackager.java:156)
	at org.jpos.iso.ISOMsg.unpack(ISOMsg.java:479)
	at org.jpos.iso.BaseChannel.unpack(BaseChannel.java:978)
	at org.jpos.iso.BaseChannel.receive(BaseChannel.java:748)
	at org.jpos.iso.ISOServer$Session.run(ISOServer.java:344)
	at org.jpos.util.ThreadPool$PooledThread.run(ThreadPool.java:76)
    </iso-exception>
  </session-error>
</log>
<log realm="simulator_10000.server.session/127.0.0.1:43054" at="2024-02-10T21:00:36.047544345">
  <session-end/>
</log>
<log realm="simulator_10000.server.session/127.0.0.1:52236" at="2024-02-10T21:01:44.131524171">
  <session-start/>
</log>
<log realm="channel/127.0.0.1:52236" at="2024-02-10T21:01:54.097196145" lifespan="9965ms">
  <receive>
    <isomsg direction="incoming">
      <!-- org.jpos.iso.packager.XMLPackager -->
      <field id="0" value="0800"/>
      <field id="3" value="000000"/>
      <field id="11" value="000001"/>
      <field id="41" value="00000001"/>
      <field id="70" value="901"/>
    </isomsg>
  </receive>
</log>
<log realm="channel/127.0.0.1:52236" at="2024-02-10T21:01:54.152133560" lifespan="1ms">
  <send>
    <isomsg>
      <!-- org.jpos.iso.packager.XMLPackager -->
      <field id="0" value="0810"/>
      <field id="3" value="000000"/>
      <field id="11" value="000001"/>
      <field id="37" value="318296"/>
      <field id="38" value="425834"/>
      <field id="39" value="00"/>
      <field id="41" value="00000001"/>
      <field id="70" value="901"/>
    </isomsg>
  </send>
</log>
<log realm="channel/127.0.0.1:52236" at="2024-02-10T21:02:39.790400336" lifespan="45637ms">
  <receive>
    <peer-disconnect>Connection reset</peer-disconnect>
  </receive>
</log>
<log realm="simulator_10000.server.session/127.0.0.1:52236" at="2024-02-10T21:02:39.791025843">
  <session-end/>
</log>
<log realm="simulator_10000.server.session/127.0.0.1:51578" at="2024-02-10T21:02:47.623527927">
  <session-start/>
</log>
<log realm="channel/127.0.0.1:51578" at="2024-02-10T21:02:52.889997991" lifespan="5265ms">
  <receive>
    <isomsg direction="incoming">
      <!-- org.jpos.iso.packager.XMLPackager -->
      <field id="0" value="0800"/>
      <field id="3" value="000000"/>
      <field id="11" value="000001"/>
      <field id="41" value="00000001"/>
      <field id="70" value="901"/>
    </isomsg>
  </receive>
</log>
<log realm="channel/127.0.0.1:51578" at="2024-02-10T21:02:52.900474700">
  <send>
    <isomsg>
      <!-- org.jpos.iso.packager.XMLPackager -->
      <field id="0" value="0810"/>
      <field id="3" value="000000"/>
      <field id="11" value="000001"/>
      <field id="37" value="273150"/>
      <field id="38" value="122483"/>
      <field id="39" value="00"/>
      <field id="41" value="00000001"/>
      <field id="70" value="901"/>
    </isomsg>
  </send>
</log>
<log realm="channel/127.0.0.1:51578" at="2024-02-10T21:03:02.120606578" lifespan="9219ms">
  <receive>
    <peer-disconnect/>
  </receive>
</log>
<log realm="simulator_10000.server.session/127.0.0.1:51578" at="2024-02-10T21:03:02.121114734">
  <session-end/>
</log>
<log realm="Q2.system" at="2024-02-10T21:03:09.733696933">
  <info>
    shutting down (hook)
  </info>
</log>
<log realm="Q2.system" at="2024-02-10T21:03:12.057063949">
  <trace>
    undeploying:/home/devjogja/git/nacadev/nacadev-jpos-ee/src/dist/deploy/99_sysmon.xml
  </trace>
</log>
<log realm="org.jpos.q2.qbean.SystemMonitor" at="2024-02-10T21:03:12.058213149">
  <info>
    Stopping SystemMonitor
  </info>
</log>
<log realm="Q2.system" at="2024-02-10T21:03:12.059070067">
  <info>
    undeployed:/home/devjogja/git/nacadev/nacadev-jpos-ee/src/dist/deploy/99_sysmon.xml
  </info>
</log>
<log realm="Q2.system" at="2024-02-10T21:03:12.059895500">
  <trace>
    undeploying:/home/devjogja/git/nacadev/nacadev-jpos-ee/src/dist/deploy/05_serversimulator.xml
  </trace>
</log>
<log realm="org.jpos.q2.qbean.SystemMonitor" at="2024-02-10T21:03:12.062277301">
  <info>
           OS: Linux (5.15.0-91-generic)
         Java: 17.0.7 (Eclipse Adoptium) AES-secure
  environment: default
 process name: 42100@devjogja-Inspiron-5515
    user name: devjogja
         host: devjogja-Inspiron-5515/127.0.1.1
          cwd: /home/devjogja/git/nacadev/nacadev-jpos-ee
   free space: 363.7 GiB
 usable space: 339.8 GiB
      version: 2.1.8-SNAPSHOT (47232f0)
     instance: b1d869a6-dc77-4d31-b117-bb1f8874f362
       uptime: 00:08:58.318 (0.790000)
   processors: 16
       drift : 0
memory(t/u/f): 240/23/216
     encoding: UTF-8
     timezone: Asia/Jakarta (West Indonesia Time) +07:00
watch service: sun.nio.fs.LinuxWatchService
  metrics dir: log
        clock: 1707573792 2024-02-10T14:03:12.059267993Z
 thread count: 15
 peak threads: 16
 user threads: 10
        Thread[Reference Handler,10,system]
        Thread[Finalizer,8,system]
        Thread[Signal Dispatcher,9,system]
        Thread[Notification Thread,9,system]
        Thread[SIGTERM handler,9,system]
        Thread[pool-1-thread-1,5,main]
        Thread[Q2-b1d869a6-dc77-4d31-b117-bb1f8874f362,5,main]
        Thread[DestroyJavaVM,5,main]
        Thread[FileSystemWatchService,5,main]
        Thread[Timer-0,5,main]
        Thread[Thread-2,5,main]
        Thread[SystemMonitor,5,main]
        Thread[Q2-ShutdownHook,5,main]
        Thread[ISOServer-shutdown,5,main]
        Thread[simulator_10000-ThreadPool.PooledThread-0-idle,5,simulator_10000-ThreadPool-0]
        Thread[Common-Cleaner,8,InnocuousThreadGroup]
name-registrar:
  tspace:default: org.jpos.space.TSpace
     key-count: 0
        gcinfo: 0,0
  Q2: org.jpos.q2.Q2
  simulator_10000: org.jpos.q2.iso.QServer
  logger.Q2: org.jpos.util.Logger
  logger.Q2.buffered: org.jpos.util.BufferedLogListener
  server.simulator_10000: org.jpos.iso.ISOServer
    connected=0, rx=0, tx=0, last=1707573772891, idle=19171ms
  </info>
</log>
<log realm="Q2.system" at="2024-02-10T21:03:12.062917235">
  <info>
    undeployed:/home/devjogja/git/nacadev/nacadev-jpos-ee/src/dist/deploy/05_serversimulator.xml
  </info>
</log>
<log realm="simulator_10000.pool" at="2024-02-10T21:03:12.063537" lifespan="1ms">
  <queue-closed/>
</log>
<log realm="Q2.system" at="2024-02-10T21:03:12.064006589">
  <trace>
    undeploying:/home/devjogja/git/nacadev/nacadev-jpos-ee/src/dist/deploy/00_logger.xml
  </trace>
</log>
</logger>
